2017-11-18 19:17:55 ERROR Input:24 - NumberFormatException
2017-11-18 19:21:19 ERROR Input:28 - File not found
2017-11-20 19:39:26 ERROR FileWorker:26 - File not found
2017-11-24 20:49:28 ERROR Serializer:26 - File not found
2017-11-24 20:50:26 ERROR Serializer:26 - File not found
2017-11-24 20:50:28 ERROR Serializer:26 - File not found
2017-11-24 20:50:30 ERROR Serializer:26 - File not found
2017-11-24 20:50:31 ERROR Serializer:26 - File not found
2017-11-24 20:52:50 ERROR Serializer:26 - File not found
2017-11-24 20:58:05 ERROR Serializer:26 - File not found
2017-11-26 18:31:19 ERROR Serializer:26 - File not found
2017-11-26 18:31:44 ERROR Serializer:26 - File not found
2017-11-26 18:38:50 ERROR Serializer:26 - File not found
2017-11-26 18:39:19 ERROR Input:24 - NumberFormatException
2017-11-27 12:11:23 ERROR Input:23 - NumberFormatException
2017-11-27 12:18:59 ERROR Input:23 - NumberFormatException
2017-11-27 18:48:20 ERROR Input:23 - For input string: "l"
2017-11-27 18:49:29 ERROR Input:23 - For input string: "k"
2017-11-27 18:54:14 ERROR Input:23 - java.lang.NumberFormatException: For input string: "k"
2017-11-27 18:54:37 ERROR Input:23 - java.lang.NumberFormatException: For input string: "l"
2017-11-27 18:55:30 ERROR Input:23 - For input string: "o"
