2017-11-18 19:17:55 ERROR Input:24 - NumberFormatException
2017-11-18 19:21:19 ERROR Input:28 - File not found
2017-11-20 19:39:26 ERROR FileWorker:26 - File not found
2017-11-24 20:49:28 ERROR Serializer:26 - File not found
2017-11-24 20:50:26 ERROR Serializer:26 - File not found
2017-11-24 20:50:28 ERROR Serializer:26 - File not found
2017-11-24 20:50:30 ERROR Serializer:26 - File not found
2017-11-24 20:50:31 ERROR Serializer:26 - File not found
2017-11-24 20:52:50 ERROR Serializer:26 - File not found
2017-11-24 20:58:05 ERROR Serializer:26 - File not found
2017-11-26 18:31:19 ERROR Serializer:26 - File not found
2017-11-26 18:31:44 ERROR Serializer:26 - File not found
2017-11-26 18:38:50 ERROR Serializer:26 - File not found
2017-11-26 18:39:19 ERROR Input:24 - NumberFormatException
2017-11-27 12:11:23 ERROR Input:23 - NumberFormatException
2017-11-27 12:18:59 ERROR Input:23 - NumberFormatException
2017-11-27 18:48:20 ERROR Input:23 - For input string: "l"
2017-11-27 18:49:29 ERROR Input:23 - For input string: "k"
2017-11-27 18:54:14 ERROR Input:23 - java.lang.NumberFormatException: For input string: "k"
2017-11-27 18:54:37 ERROR Input:23 - java.lang.NumberFormatException: For input string: "l"
2017-11-27 18:55:30 ERROR Input:23 - For input string: "o"
2017-11-29 13:11:06 ERROR Serializer:24 - com.senla.entity.Book
2017-11-29 13:11:06 ERROR Serializer:24 - com.senla.entity.Order
2017-11-29 13:11:06 ERROR Serializer:24 - com.senla.entity.Reader
2017-11-29 13:11:06 ERROR Serializer:24 - com.senla.entity.Request
2017-11-29 13:18:56 ERROR Input:23 - For input string: "l"
2017-11-29 13:18:59 ERROR Input:23 - For input string: "o"
2017-12-03 09:16:03 ERROR Input:23 - For input string: "l"
2017-12-03 09:17:00 ERROR Input:23 - For input string: "l"
2017-12-03 09:17:52 ERROR Input:23 - For input string: "l"
2017-12-03 09:18:57 ERROR Input:23 - For input string: "l"
2017-12-03 09:21:34 ERROR Serializer:26 - data\boook.bin (The system cannot find the file specified)
2017-12-03 09:22:08 ERROR Serializer:26 - data\boook.bin (The system cannot find the file specified)
2017-12-03 09:22:13 ERROR Input:23 - For input string: ""
2017-12-03 11:05:49 ERROR Input:23 - For input string: "l"
2017-12-03 19:29:45 ERROR Parser:30 - Unparseable date: "06-08-01"
2017-12-03 19:29:45 ERROR Parser:30 - Unparseable date: "01-07-99"
2017-12-03 19:29:45 ERROR Parser:30 - Unparseable date: "16-03-98"
2017-12-03 19:29:45 ERROR Parser:30 - Unparseable date: "22-07-06"
2017-12-03 19:29:45 ERROR Parser:30 - Unparseable date: "19-04-87"
2017-12-03 19:38:03 ERROR Parser:30 - Unparseable date: "06-08-01"
2017-12-03 19:38:03 ERROR Parser:30 - Unparseable date: "01-07-99"
2017-12-03 19:38:03 ERROR Parser:30 - Unparseable date: "16-03-98"
2017-12-03 19:38:03 ERROR Parser:30 - Unparseable date: "22-07-06"
2017-12-03 19:38:03 ERROR Parser:30 - Unparseable date: "19-04-87"
2017-12-03 19:41:44 ERROR CSVWorker:28 - data\bean.csv (The process cannot access the file because it is being used by another process)
2017-12-03 20:30:44 ERROR Parser:30 - Unparseable date: "06/08/2001"
2017-12-03 20:31:21 ERROR Parser:30 - Unparseable date: "01/07/1999"
2017-12-03 20:31:21 ERROR Parser:30 - Unparseable date: "16/03/1998"
2017-12-03 20:31:21 ERROR Parser:30 - Unparseable date: "22/07/2006"
2017-12-03 20:31:21 ERROR Parser:30 - Unparseable date: "19/04/1987"
2017-12-03 20:33:10 ERROR Parser:30 - Unparseable date: "06-08-01"
2017-12-03 20:33:10 ERROR Parser:30 - Unparseable date: "01-07-99"
2017-12-03 20:33:10 ERROR Parser:30 - Unparseable date: "16-03-98"
2017-12-03 20:33:10 ERROR Parser:30 - Unparseable date: "22-07-06"
2017-12-03 20:33:10 ERROR Parser:30 - Unparseable date: "19-04-87"
2017-12-03 20:35:57 ERROR Parser:30 - Unparseable date: "01-07-99"
2017-12-03 20:35:57 ERROR Parser:30 - Unparseable date: "19-04-87"
2017-12-03 20:35:57 ERROR Parser:30 - Unparseable date: "16-03-98"
2017-12-03 20:35:57 ERROR Parser:30 - Unparseable date: "22-07-06"
2017-12-03 20:35:57 ERROR Parser:30 - Unparseable date: "06-08-01"
2017-12-03 20:36:57 ERROR Parser:30 - Unparseable date: "01-07-99"
2017-12-03 20:36:57 ERROR Parser:30 - Unparseable date: "19-04-87"
2017-12-03 20:36:57 ERROR Parser:30 - Unparseable date: "16-03-98"
2017-12-03 20:36:57 ERROR Parser:30 - Unparseable date: "22-07-06"
2017-12-03 20:36:57 ERROR Parser:30 - Unparseable date: "06-08-01"
2017-12-03 20:37:20 ERROR CSVWorker:28 - data\bean.csv (The process cannot access the file because it is being used by another process)
2017-12-03 20:37:53 ERROR Parser:30 - Unparseable date: "01-07-99"
2017-12-03 20:37:53 ERROR Parser:30 - Unparseable date: "19-04-87"
2017-12-03 20:37:53 ERROR Parser:30 - Unparseable date: "16-03-98"
2017-12-03 20:37:53 ERROR Parser:30 - Unparseable date: "22-07-06"
2017-12-03 20:37:53 ERROR Parser:30 - Unparseable date: "06-08-01"
2017-12-10 12:39:33 ERROR CSVWorker:40 - data\csv\book.csv (The process cannot access the file because it is being used by another process)
2017-12-10 12:39:54 ERROR CSVWorker:44 - com.senla.model.entity.Book
2017-12-10 12:47:37 ERROR Input:23 - For input string: ""
2017-12-10 12:53:45 ERROR CSVWorker:33 - data\csv\order.csv (The process cannot access the file because it is being used by another process)
2017-12-10 12:53:52 ERROR Input:23 - For input string: ""
2017-12-12 01:03:21 ERROR DependencyInjection:33 - Class com.senla.dependencyinjection.DependencyInjection can not access a member of class com.senla.controller.dao.mysql.BookDao with modifiers "private"
2017-12-12 01:03:25 ERROR DependencyInjection:35 - Class com.senla.dependencyinjection.DependencyInjection can not access a member of class com.senla.controller.dao.mysql.BookDao with modifiers "private"
2017-12-20 09:35:21 ERROR DependencyInjection:34 - Class com.senla.dependencyinjection.DependencyInjection can not access a member of class com.senla.controller.dao.mysql.BookDao with modifiers "private"
2017-12-20 09:35:21 ERROR DependencyInjection:34 - Class com.senla.dependencyinjection.DependencyInjection can not access a member of class com.senla.controller.dao.mysql.ReaderDao with modifiers "private"
2017-12-20 09:35:21 ERROR DependencyInjection:34 - Class com.senla.dependencyinjection.DependencyInjection can not access a member of class com.senla.controller.dao.mysql.OrderDao with modifiers "private"
2017-12-20 09:35:21 ERROR DependencyInjection:34 - Class com.senla.dependencyinjection.DependencyInjection can not access a member of class com.senla.controller.dao.mysql.RequestDao with modifiers "private"
2017-12-20 09:36:19 ERROR DependencyInjection:34 - Class com.senla.dependencyinjection.DependencyInjection can not access a member of class com.senla.controller.dao.mysql.ReaderDao with modifiers "private"
2017-12-20 09:36:19 ERROR DependencyInjection:34 - Class com.senla.dependencyinjection.DependencyInjection can not access a member of class com.senla.controller.dao.mysql.OrderDao with modifiers "private"
2017-12-20 09:36:19 ERROR DependencyInjection:34 - Class com.senla.dependencyinjection.DependencyInjection can not access a member of class com.senla.controller.dao.mysql.RequestDao with modifiers "private"
2017-12-20 09:45:04 ERROR DependencyInjection:41 - Class com.senla.dependencyinjection.DependencyInjection can not access a member of class com.senla.controller.dao.mysql.BookDao with modifiers "private"
2017-12-20 09:45:04 ERROR DependencyInjection:41 - Class com.senla.dependencyinjection.DependencyInjection can not access a member of class com.senla.controller.dao.mysql.ReaderDao with modifiers "private"
2017-12-20 09:45:04 ERROR DependencyInjection:41 - Class com.senla.dependencyinjection.DependencyInjection can not access a member of class com.senla.controller.dao.mysql.OrderDao with modifiers "private"
2017-12-20 09:45:04 ERROR DependencyInjection:41 - Class com.senla.dependencyinjection.DependencyInjection can not access a member of class com.senla.controller.dao.mysql.RequestDao with modifiers "private"
2017-12-28 21:21:19 ERROR CSVWorker:154 - com.senla.model.entity.Book.<init>()
2017-12-28 21:22:31 ERROR CSVWorker:154 - com.senla.model.entity.Book.<init>()
2017-12-28 21:23:18 ERROR CSVWorker:154 - com.senla.model.entity.Book.<init>()
2017-12-28 21:29:10 ERROR CSVWorker:154 - com.senla.model.entity.Book.<init>()
2017-12-28 21:37:53 ERROR CSVWorker:154 - com.senla.model.entity.Book.<init>()
2017-12-28 21:38:27 ERROR CSVWorker:156 - com.senla.model.entity.Book.<init>()
2017-12-28 21:42:25 ERROR CSVWorker:156 - com.senla.model.entity.Book.<init>()
2017-12-28 21:42:52 ERROR CSVWorker:156 - com.senla.model.entity.Book.<init>()
2017-12-28 21:44:49 ERROR CSVWorker:156 - [Ljava.lang.StackTraceElement;@523884b2
2017-12-28 21:47:28 ERROR CSVWorker:155 - com.senla.model.entity.Book.<init>()
2017-12-28 21:50:05 ERROR CSVWorker:155 - com.senla.model.entity.Book.<init>()
2017-12-28 21:51:44 ERROR CSVWorker:156 - com.senla.model.entity.Book
2017-12-28 21:53:23 ERROR CSVWorker:156 - com.senla.model.entity.Book
2017-12-28 21:54:22 ERROR CSVWorker:156 - Can not set int field com.senla.model.entity.Book.price to java.lang.String
2017-12-28 21:57:18 ERROR CSVWorker:154 - Can not set int field com.senla.model.entity.Book.price to java.lang.String
2017-12-28 22:04:38 ERROR CSVWorker:152 - Can not set int field com.senla.model.entity.Book.price to java.lang.String
2017-12-28 22:05:08 ERROR CSVWorker:152 - Can not set int field com.senla.model.entity.Book.price to java.lang.String
2017-12-28 22:08:31 ERROR CSVWorker:152 - Can not set int field com.senla.model.entity.Book.price to java.lang.String
2017-12-28 22:09:51 ERROR CSVWorker:152 - java.lang.Integer.parseInteger(java.lang.String)
2017-12-28 22:10:19 ERROR CSVWorker:152 - java.lang.Integer.parseInteger(java.lang.String)
2017-12-28 22:24:30 ERROR CSVWorker:152 - java.lang.Integer.parseInteger(java.lang.String)
2017-12-28 22:25:24 ERROR CSVWorker:140 - For input string: "false"
2017-12-28 22:32:06 ERROR CSVWorker:144 - For input string: "false"
2017-12-28 22:33:17 ERROR CSVWorker:144 - For input string: "false"
2017-12-28 22:33:24 ERROR CSVWorker:145 - For input string: "false"
2017-12-28 22:39:02 ERROR CSVWorker:145 - For input string: "false"
2017-12-28 23:52:56 ERROR Parser:59 - For input string: "true"
